[36m--[0m Using CATKIN_DEVEL_PREFIX: /home/joan/hrwros_ws/devel/.private/hrwros_msgs
[36m--[0m Using CMAKE_PREFIX_PATH: /home/joan/hrwros_ws/devel;/opt/ros/melodic
[36m--[0m This workspace overlays: /home/joan/hrwros_ws/devel;/opt/ros/melodic
[36m--[0m Found PythonInterp: /usr/bin/python2 (found suitable version "2.7.15", minimum required is "2")
[36m--[0m Using PYTHON_EXECUTABLE: /usr/bin/python2
[36m--[0m Using Debian Python package layout
[36m--[0m Using empy: /usr/bin/empy
[36m--[0m Using CATKIN_ENABLE_TESTING: ON
[36m--[0m Call enable_testing()
[36m--[0m Using CATKIN_TEST_RESULTS_DIR: /home/joan/hrwros_ws/build/hrwros_msgs/test_results
[36m--[0m Found gtest sources under '/usr/src/googletest': gtests will be built
[36m--[0m Found gmock sources under '/usr/src/googletest': gmock will be built
[36m--[0m Found PythonInterp: /usr/bin/python2 (found version "2.7.15")
[36m--[0m Using Python nosetests: /usr/bin/nosetests-2.7
[36m--[0m catkin 0.7.19
[36m--[0m BUILD_SHARED_LIBS is on
[36m--[0m Using these message generators: gencpp;geneus;genlisp;gennodejs;genpy
[36m--[0m Generating .msg files for action hrwros_msgs/CounterWithDelay /home/joan/hrwros_ws/src/hrwros/hrwros_msgs/action/CounterWithDelay.action
[31m[1mCMake Error[0m at /home/joan/hrwros_ws/build/hrwros_msgs/cmake/hrwros_msgs-genmsg.cmake:3 (message):
  Could not find messages which
  '/home/joan/hrwros_ws/src/hrwros/hrwros_msgs/msg/BoxHeightInformation.msg'
  depends on.  Did you forget to specify generate_messages(DEPENDENCIES ...)?

  Cannot locate message [float] in package [hrwros_msgs] with paths
  [['/home/joan/hrwros_ws/src/hrwros/hrwros_msgs/msg',
  '/home/joan/hrwros_ws/devel/.private/hrwros_msgs/share/hrwros_msgs/msg']]
[36mCall Stack (most recent call first):[0m
  /opt/ros/melodic/share/genmsg/cmake/genmsg-extras.cmake:307 (include)
  CMakeLists.txt:32 (generate_messages)


[36m--[0m Configuring incomplete, errors occurred!
See also "/home/joan/hrwros_ws/build/hrwros_msgs/CMakeFiles/CMakeOutput.log".
See also "/home/joan/hrwros_ws/build/hrwros_msgs/CMakeFiles/CMakeError.log".
Makefile:1482: recipe for target 'cmake_check_build_system' failed
make: *** [cmake_check_build_system] Error 1
