[36m--[0m Using CATKIN_DEVEL_PREFIX: /home/joan/hrwros_ws/devel/.private/hrwros_msgs
[36m--[0m Using CMAKE_PREFIX_PATH: /home/joan/hrwros_ws/devel;/opt/ros/melodic
[36m--[0m This workspace overlays: /home/joan/hrwros_ws/devel;/opt/ros/melodic
[36m--[0m Found PythonInterp: /usr/bin/python2 (found suitable version "2.7.15", minimum required is "2")
[36m--[0m Using PYTHON_EXECUTABLE: /usr/bin/python2
[36m--[0m Using Debian Python package layout
[36m--[0m Using empy: /usr/bin/empy
[36m--[0m Using CATKIN_ENABLE_TESTING: ON
[36m--[0m Call enable_testing()
[36m--[0m Using CATKIN_TEST_RESULTS_DIR: /home/joan/hrwros_ws/build/hrwros_msgs/test_results
[36m--[0m Found gtest sources under '/usr/src/googletest': gtests will be built
[36m--[0m Found gmock sources under '/usr/src/googletest': gmock will be built
[36m--[0m Found PythonInterp: /usr/bin/python2 (found version "2.7.15")
[36m--[0m Using Python nosetests: /usr/bin/nosetests-2.7
[36m--[0m catkin 0.7.19
[36m--[0m BUILD_SHARED_LIBS is on
[36m--[0m Using these message generators: gencpp;geneus;genlisp;gennodejs;genpy
[36m--[0m Generating .msg files for action hrwros_msgs/CounterWithDelay /home/joan/hrwros_ws/src/hrwros/hrwros_msgs/action/CounterWithDelay.action
[36m--[0m hrwros_msgs: 11 messages, 1 services
[36m--[0m Configuring done
[36m--[0m Generating done
[36m--[0m Build files have been written to: /home/joan/hrwros_ws/build/hrwros_msgs
