[  0%] Built target moveit_msgs_generate_messages_lisp
[  0%] Built target trajectory_msgs_generate_messages_lisp
[  0%] Built target geometry_msgs_generate_messages_lisp
[  0%] Built target _hrwros_msgs_generate_messages_check_deps_ConvertMetresToFeet
[  0%] Built target _hrwros_msgs_generate_messages_check_deps_SensorInformation
[  0%] Built target std_msgs_generate_messages_lisp
[  0%] Built target _hrwros_msgs_generate_messages_check_deps_CounterWithDelayAction
[  0%] Built target _hrwros_msgs_generate_messages_check_deps_CounterWithDelayGoal
[  0%] Built target _hrwros_msgs_generate_messages_check_deps_CounterWithDelayFeedback
[  0%] Built target actionlib_msgs_generate_messages_lisp
[  0%] Built target _hrwros_msgs_generate_messages_check_deps_RobotTrajectories
[  0%] Built target _hrwros_msgs_generate_messages_check_deps_TargetToolPoses
[  0%] Built target _hrwros_msgs_generate_messages_check_deps_ObjectDetection
[  0%] Built target _hrwros_msgs_generate_messages_check_deps_CounterWithDelayActionResult
[  0%] Built target _hrwros_msgs_generate_messages_check_deps_CounterWithDelayActionGoal
[  0%] Built target _hrwros_msgs_generate_messages_check_deps_CounterWithDelayActionFeedback
[  0%] Built target _hrwros_msgs_generate_messages_check_deps_CounterWithDelayResult
[  0%] Built target geometry_msgs_generate_messages_py
[  0%] Built target std_msgs_generate_messages_py
[  0%] Built target moveit_msgs_generate_messages_py
[  0%] Built target trajectory_msgs_generate_messages_py
[  0%] Built target actionlib_msgs_generate_messages_py
[  0%] Built target trajectory_msgs_generate_messages_nodejs
[  0%] Built target actionlib_msgs_generate_messages_nodejs
[  0%] Built target moveit_msgs_generate_messages_nodejs
[  0%] Built target std_msgs_generate_messages_nodejs
[  0%] Built target geometry_msgs_generate_messages_nodejs
[  0%] Built target trajectory_msgs_generate_messages_eus
[  0%] Built target moveit_msgs_generate_messages_eus
[  0%] Built target geometry_msgs_generate_messages_eus
[  0%] Built target std_msgs_generate_messages_eus
[  0%] Built target actionlib_msgs_generate_messages_eus
[  0%] Built target std_msgs_generate_messages_cpp
[  0%] Built target moveit_msgs_generate_messages_cpp
[  0%] Built target trajectory_msgs_generate_messages_cpp
[  0%] Built target actionlib_msgs_generate_messages_cpp
[  0%] Built target geometry_msgs_generate_messages_cpp
[  1%] [34m[1mGenerating Lisp code from hrwros_msgs/ConvertMetresToFeet.srv[0m
[  3%] [34m[1mGenerating Javascript code from hrwros_msgs/ConvertMetresToFeet.srv[0m
[  4%] [34m[1mGenerating EusLisp code from hrwros_msgs/ConvertMetresToFeet.srv[0m
[  6%] [34m[1mGenerating Python code from SRV hrwros_msgs/ConvertMetresToFeet[0m
[ 23%] Built target hrwros_msgs_generate_messages_lisp
[ 41%] Built target hrwros_msgs_generate_messages_nodejs
[ 42%] [34m[1mGenerating C++ code from hrwros_msgs/ConvertMetresToFeet.srv[0m
[ 61%] Built target hrwros_msgs_generate_messages_eus
[ 63%] [34m[1mGenerating Python msg __init__.py for hrwros_msgs[0m
[ 65%] [34m[1mGenerating Python srv __init__.py for hrwros_msgs[0m
[ 82%] Built target hrwros_msgs_generate_messages_py
[100%] Built target hrwros_msgs_generate_messages_cpp
[100%] Built target hrwros_msgs_generate_messages
